<?xml version="1.0" encoding="UTF-8"?>
<testsuite xmlns:xsi="http://www.w3.org/2001/XMLSchema-instance" xsi:noNamespaceSchemaLocation="https://maven.apache.org/surefire/maven-surefire-plugin/xsd/surefire-test-report-3.0.xsd" version="3.0" name="fatorial.src.test.java.com.breno.FatorialTest" time="0.107" tests="4" errors="0" skipped="0" failures="0">
  <properties>
[...]
</properties>
  <testcase name="testFatorialDeZero" classname="fatorial.src.test.java.com.breno.FatorialTest" time="0.043"/>
  <testcase name="testFatorialDeCinco" classname="fatorial.src.test.java.com.breno.FatorialTest" time="0.004"/>
  <testcase name="testFatorialDeDez" classname="fatorial.src.test.java.com.breno.FatorialTest" time="0.001"/>
  <testcase name="testFatorialDeUm" classname="fatorial.src.test.java.com.breno.FatorialTest" time="0.002"/>
</testsuite>